<?xml version="1.0" encoding="UTF-8"?>
<!-- Generated by org.testng.reporters.JUnitReportReporter -->
<testsuite hostname="AGI-LT-764" failures="0" tests="1" name="ArisGlobal.Assessment1.Tc01" time="40.852" errors="0" timestamp="2021-10-14T16:37:21 IST" skipped="0">
  <testcase classname="ArisGlobal.Assessment1.Tc01" name="Tc01" time="40.852"/>
  <system-out/>
</testsuite> <!-- ArisGlobal.Assessment1.Tc01 -->
